<?xml version="1.0" encoding="UTF-8"?>
<testng-results total="1" passed="1" failed="0" skipped="0">
  <reporter-output>
  </reporter-output>
  <suite started-at="2026-04-08T15:05:03Z" name="Surefire suite" finished-at="2026-04-08T15:05:08Z" duration-ms="4642">
    <groups>
    </groups>
    <test started-at="2026-04-08T15:05:03Z" name="Surefire test" finished-at="2026-04-08T15:05:08Z" duration-ms="4642">
      <class name="javaPackage.TestWebDriverManager">
        <test-method signature="a()[pri:0, instance:javaPackage.TestWebDriverManager@4232c52b]" started-at="2026-04-08T20:35:03Z" name="a" finished-at="2026-04-08T20:35:08Z" duration-ms="4639" status="PASS">
          <reporter-output>
          </reporter-output>
        </test-method> <!-- a -->
      </class> <!-- javaPackage.TestWebDriverManager -->
    </test> <!-- Surefire test -->
  </suite> <!-- Surefire suite -->
</testng-results>
