<?xml version="1.0" encoding="UTF-8"?>
<testng-results total="1" passed="1" failed="0" skipped="0">
  <reporter-output>
  </reporter-output>
  <suite started-at="2026-05-06T15:53:16Z" name="Default suite" finished-at="2026-05-06T15:53:22Z" duration-ms="5979">
    <groups>
    </groups>
    <test started-at="2026-05-06T15:53:16Z" name="Default test" finished-at="2026-05-06T15:53:22Z" duration-ms="5979">
      <class name="javaPackage.TestWebDriverManager">
        <test-method signature="a()[pri:0, instance:javaPackage.TestWebDriverManager@a38c7fe]" started-at="2026-05-06T21:23:16Z" name="a" finished-at="2026-05-06T21:23:22Z" duration-ms="5973" status="PASS">
          <reporter-output>
          </reporter-output>
        </test-method> <!-- a -->
      </class> <!-- javaPackage.TestWebDriverManager -->
    </test> <!-- Default test -->
  </suite> <!-- Default suite -->
</testng-results>
